app/build/intermediates/manifest_merge_blame_file/release/manifest-merger-blame-release-report.txt
1<?xml version="1.0" encoding="utf-8"?>
2<manifest xmlns:android="http://schemas.android.com/apk/res/android"
3    package="com.example.alcoholchecker"
4    android:versionCode="42"
5    android:versionName="1.4.21" >
6
7    <uses-sdk
8        android:minSdkVersion="26"
9        android:targetSdkVersion="34" />
10
11    <uses-permission android:name="android.permission.INTERNET" />
11-->src/main/AndroidManifest.xml:5:5-67
11-->src/main/AndroidManifest.xml:5:22-64
12    <uses-permission android:name="android.permission.CAMERA" />
12-->src/main/AndroidManifest.xml:6:5-65
12-->src/main/AndroidManifest.xml:6:22-62
13    <uses-permission
13-->src/main/AndroidManifest.xml:7:5-106
14        android:name="android.permission.ACCESS_FINE_LOCATION"
14-->src/main/AndroidManifest.xml:7:22-76
15        android:maxSdkVersion="30" />
15-->src/main/AndroidManifest.xml:7:77-103
16    <uses-permission
16-->src/main/AndroidManifest.xml:8:5-108
17        android:name="android.permission.ACCESS_COARSE_LOCATION"
17-->src/main/AndroidManifest.xml:8:22-78
18        android:maxSdkVersion="30" />
18-->src/main/AndroidManifest.xml:8:79-105
19    <uses-permission android:name="android.permission.BLUETOOTH" />
19-->src/main/AndroidManifest.xml:9:5-68
19-->src/main/AndroidManifest.xml:9:22-65
20    <uses-permission android:name="android.permission.BLUETOOTH_CONNECT" />
20-->src/main/AndroidManifest.xml:10:5-76
20-->src/main/AndroidManifest.xml:10:22-73
21    <uses-permission
21-->src/main/AndroidManifest.xml:11:5-120
22        android:name="android.permission.BLUETOOTH_SCAN"
22-->src/main/AndroidManifest.xml:11:22-70
23        android:usesPermissionFlags="neverForLocation" />
23-->src/main/AndroidManifest.xml:11:71-117
24    <uses-permission android:name="android.permission.NFC" />
24-->src/main/AndroidManifest.xml:12:5-62
24-->src/main/AndroidManifest.xml:12:22-59
25    <uses-permission android:name="android.permission.VIBRATE" />
25-->src/main/AndroidManifest.xml:13:5-66
25-->src/main/AndroidManifest.xml:13:22-63
26    <uses-permission android:name="android.permission.USE_BIOMETRIC" />
26-->src/main/AndroidManifest.xml:14:5-72
26-->src/main/AndroidManifest.xml:14:22-69
27    <uses-permission android:name="android.permission.USE_FULL_SCREEN_INTENT" />
27-->src/main/AndroidManifest.xml:15:5-81
27-->src/main/AndroidManifest.xml:15:22-78
28    <uses-permission android:name="android.permission.RECORD_AUDIO" />
28-->src/main/AndroidManifest.xml:16:5-71
28-->src/main/AndroidManifest.xml:16:22-68
29    <uses-permission android:name="android.permission.MODIFY_AUDIO_SETTINGS" />
29-->src/main/AndroidManifest.xml:17:5-80
29-->src/main/AndroidManifest.xml:17:22-77
30    <uses-permission android:name="android.permission.FOREGROUND_SERVICE" />
30-->src/main/AndroidManifest.xml:18:5-77
30-->src/main/AndroidManifest.xml:18:22-74
31    <uses-permission android:name="android.permission.FOREGROUND_SERVICE_MEDIA_PROJECTION" />
31-->src/main/AndroidManifest.xml:19:5-94
31-->src/main/AndroidManifest.xml:19:22-91
32    <uses-permission android:name="android.permission.READ_PHONE_STATE" />
32-->src/main/AndroidManifest.xml:20:5-75
32-->src/main/AndroidManifest.xml:20:22-72
33    <uses-permission android:name="android.permission.READ_PHONE_NUMBERS" />
33-->src/main/AndroidManifest.xml:21:5-77
33-->src/main/AndroidManifest.xml:21:22-74
34    <uses-permission android:name="android.permission.FOREGROUND_SERVICE_SPECIAL_USE" />
34-->src/main/AndroidManifest.xml:22:5-89
34-->src/main/AndroidManifest.xml:22:22-86
35    <uses-permission android:name="android.permission.SYSTEM_ALERT_WINDOW" />
35-->src/main/AndroidManifest.xml:23:5-78
35-->src/main/AndroidManifest.xml:23:22-75
36    <uses-permission android:name="android.permission.POST_NOTIFICATIONS" />
36-->src/main/AndroidManifest.xml:24:5-77
36-->src/main/AndroidManifest.xml:24:22-74
37    <uses-permission android:name="android.permission.REQUEST_INSTALL_PACKAGES" />
37-->src/main/AndroidManifest.xml:25:5-83
37-->src/main/AndroidManifest.xml:25:22-80
38    <uses-permission android:name="android.permission.FOREGROUND_SERVICE_DATA_SYNC" />
38-->src/main/AndroidManifest.xml:26:5-87
38-->src/main/AndroidManifest.xml:26:22-84
39
40    <uses-feature
40-->src/main/AndroidManifest.xml:28:5-30:36
41        android:name="android.hardware.nfc"
41-->src/main/AndroidManifest.xml:29:9-44
42        android:required="false" />
42-->src/main/AndroidManifest.xml:30:9-33
43    <uses-feature
43-->src/main/AndroidManifest.xml:31:5-33:36
44        android:name="android.hardware.usb.host"
44-->src/main/AndroidManifest.xml:32:9-49
45        android:required="false" />
45-->src/main/AndroidManifest.xml:33:9-33
46    <!-- suppress DeprecatedClassUsageInspection -->
47    <uses-permission android:name="android.permission.USE_FINGERPRINT" />
47-->[androidx.biometric:biometric:1.1.0] AndroidManifest.xml:27:5-74
47-->[androidx.biometric:biometric:1.1.0] AndroidManifest.xml:27:22-71
48    <uses-permission android:name="android.permission.ACCESS_NETWORK_STATE" />
48-->[com.google.firebase:firebase-messaging:24.1.0] AndroidManifest.xml:22:5-79
48-->[com.google.firebase:firebase-messaging:24.1.0] AndroidManifest.xml:22:22-76
49    <uses-permission android:name="android.permission.WAKE_LOCK" /> <!-- Required by older versions of Google Play services to create IID tokens -->
49-->[com.google.firebase:firebase-messaging:24.1.0] AndroidManifest.xml:24:5-68
49-->[com.google.firebase:firebase-messaging:24.1.0] AndroidManifest.xml:24:22-65
50    <uses-permission android:name="com.google.android.c2dm.permission.RECEIVE" />
50-->[com.google.firebase:firebase-messaging:24.1.0] AndroidManifest.xml:26:5-82
50-->[com.google.firebase:firebase-messaging:24.1.0] AndroidManifest.xml:26:22-79
51
52    <permission
52-->[androidx.core:core:1.12.0] AndroidManifest.xml:22:5-24:47
53        android:name="com.example.alcoholchecker.DYNAMIC_RECEIVER_NOT_EXPORTED_PERMISSION"
53-->[androidx.core:core:1.12.0] AndroidManifest.xml:23:9-81
54        android:protectionLevel="signature" />
54-->[androidx.core:core:1.12.0] AndroidManifest.xml:24:9-44
55
56    <uses-permission android:name="com.example.alcoholchecker.DYNAMIC_RECEIVER_NOT_EXPORTED_PERMISSION" />
56-->[androidx.core:core:1.12.0] AndroidManifest.xml:26:5-97
56-->[androidx.core:core:1.12.0] AndroidManifest.xml:26:22-94
57
58    <application
58-->src/main/AndroidManifest.xml:35:5-173:19
59        android:allowBackup="true"
59-->src/main/AndroidManifest.xml:36:9-35
60        android:appComponentFactory="androidx.core.app.CoreComponentFactory"
60-->[androidx.core:core:1.12.0] AndroidManifest.xml:28:18-86
61        android:extractNativeLibs="false"
62        android:icon="@mipmap/ic_launcher"
62-->src/main/AndroidManifest.xml:37:9-43
63        android:label="@string/app_name"
63-->src/main/AndroidManifest.xml:38:9-41
64        android:networkSecurityConfig="@xml/network_security_config"
64-->src/main/AndroidManifest.xml:39:9-69
65        android:roundIcon="@mipmap/ic_launcher_round"
65-->src/main/AndroidManifest.xml:40:9-54
66        android:supportsRtl="true"
66-->src/main/AndroidManifest.xml:41:9-35
67        android:theme="@style/Theme.AlcoholChecker" >
67-->src/main/AndroidManifest.xml:42:9-52
68        <uses-library
68-->src/main/AndroidManifest.xml:45:9-87
69            android:name="jp.kyocera.nfc_extras"
69-->src/main/AndroidManifest.xml:45:23-59
70            android:required="false" />
70-->src/main/AndroidManifest.xml:45:60-84
71
72        <activity
72-->src/main/AndroidManifest.xml:47:9-71:20
73            android:name="com.example.alcoholchecker.ui.webview.WebViewActivity"
73-->src/main/AndroidManifest.xml:48:13-55
74            android:configChanges="orientation|screenSize|screenLayout"
74-->src/main/AndroidManifest.xml:49:13-72
75            android:exported="true"
75-->src/main/AndroidManifest.xml:51:13-36
76            android:launchMode="singleTop" >
76-->src/main/AndroidManifest.xml:50:13-43
77            <intent-filter>
77-->src/main/AndroidManifest.xml:52:13-55:29
78                <action android:name="android.intent.action.MAIN" />
78-->src/main/AndroidManifest.xml:53:17-69
78-->src/main/AndroidManifest.xml:53:25-66
79
80                <category android:name="android.intent.category.LAUNCHER" />
80-->src/main/AndroidManifest.xml:54:17-77
80-->src/main/AndroidManifest.xml:54:27-74
81            </intent-filter>
82            <intent-filter android:autoVerify="true" >
82-->src/main/AndroidManifest.xml:56:13-64:29
82-->src/main/AndroidManifest.xml:56:28-53
83                <action android:name="android.intent.action.VIEW" />
83-->src/main/AndroidManifest.xml:57:17-69
83-->src/main/AndroidManifest.xml:57:25-66
84
85                <category android:name="android.intent.category.DEFAULT" />
85-->src/main/AndroidManifest.xml:58:17-76
85-->src/main/AndroidManifest.xml:58:27-73
86                <category android:name="android.intent.category.BROWSABLE" />
86-->src/main/AndroidManifest.xml:59:17-78
86-->src/main/AndroidManifest.xml:59:27-75
87
88                <data
88-->src/main/AndroidManifest.xml:60:17-63:58
89                    android:host="alc.ippoan.org"
89-->src/main/AndroidManifest.xml:62:21-50
90                    android:pathPrefix="/device-claim"
90-->src/main/AndroidManifest.xml:63:21-55
91                    android:scheme="https" />
91-->src/main/AndroidManifest.xml:61:21-43
92            </intent-filter>
93            <intent-filter>
93-->src/main/AndroidManifest.xml:65:13-67:29
94                <action android:name="android.hardware.usb.action.USB_DEVICE_ATTACHED" />
94-->src/main/AndroidManifest.xml:66:17-90
94-->src/main/AndroidManifest.xml:66:25-87
95            </intent-filter>
96
97            <meta-data
97-->src/main/AndroidManifest.xml:68:13-70:61
98                android:name="android.hardware.usb.action.USB_DEVICE_ATTACHED"
98-->src/main/AndroidManifest.xml:69:17-79
99                android:resource="@xml/usb_device_filter" />
99-->src/main/AndroidManifest.xml:70:17-58
100        </activity>
101        <activity android:name="com.example.alcoholchecker.ui.login.LoginActivity" />
101-->src/main/AndroidManifest.xml:73:9-60
101-->src/main/AndroidManifest.xml:73:19-57
102        <activity android:name="com.example.alcoholchecker.ui.home.HomeActivity" />
102-->src/main/AndroidManifest.xml:74:9-58
102-->src/main/AndroidManifest.xml:74:19-55
103        <activity android:name="com.example.alcoholchecker.ui.check.AlcoholCheckActivity" />
103-->src/main/AndroidManifest.xml:75:9-67
103-->src/main/AndroidManifest.xml:75:19-64
104        <activity android:name="com.example.alcoholchecker.ui.history.HistoryActivity" />
104-->src/main/AndroidManifest.xml:76:9-64
104-->src/main/AndroidManifest.xml:76:19-61
105        <activity android:name="com.example.alcoholchecker.ui.admin.AdminActivity" />
105-->src/main/AndroidManifest.xml:77:9-60
105-->src/main/AndroidManifest.xml:77:19-57
106        <activity
106-->src/main/AndroidManifest.xml:78:9-80:46
107            android:name="com.example.alcoholchecker.ui.iccard.IcCardReadActivity"
107-->src/main/AndroidManifest.xml:79:13-57
108            android:launchMode="singleTop" />
108-->src/main/AndroidManifest.xml:80:13-43
109        <activity
109-->src/main/AndroidManifest.xml:82:9-89:71
110            android:name="com.example.alcoholchecker.call.IncomingCallActivity"
110-->src/main/AndroidManifest.xml:83:13-54
111            android:excludeFromRecents="true"
111-->src/main/AndroidManifest.xml:84:13-46
112            android:launchMode="singleTop"
112-->src/main/AndroidManifest.xml:85:13-43
113            android:showOnLockScreen="true"
113-->src/main/AndroidManifest.xml:86:13-44
114            android:showWhenLocked="true"
114-->src/main/AndroidManifest.xml:87:13-42
115            android:theme="@style/Theme.AlcoholChecker.NoActionBar"
115-->src/main/AndroidManifest.xml:89:13-68
116            android:turnScreenOn="true" />
116-->src/main/AndroidManifest.xml:88:13-40
117        <activity
117-->src/main/AndroidManifest.xml:91:9-93:71
118            android:name="com.example.alcoholchecker.qr.QrScannerActivity"
118-->src/main/AndroidManifest.xml:92:13-49
119            android:theme="@style/Theme.AlcoholChecker.NoActionBar" />
119-->src/main/AndroidManifest.xml:93:13-68
120
121        <service
121-->src/main/AndroidManifest.xml:95:9-98:40
122            android:name="com.example.alcoholchecker.screencapture.ScreenCaptureService"
122-->src/main/AndroidManifest.xml:96:13-63
123            android:exported="false"
123-->src/main/AndroidManifest.xml:98:13-37
124            android:foregroundServiceType="mediaProjection" />
124-->src/main/AndroidManifest.xml:97:13-60
125        <service
125-->src/main/AndroidManifest.xml:100:9-107:19
126            android:name="com.example.alcoholchecker.service.WatchdogService"
126-->src/main/AndroidManifest.xml:101:13-52
127            android:exported="false"
127-->src/main/AndroidManifest.xml:103:13-37
128            android:foregroundServiceType="specialUse" >
128-->src/main/AndroidManifest.xml:102:13-55
129            <property
129-->src/main/AndroidManifest.xml:104:13-106:83
130                android:name="android.app.PROPERTY_SPECIAL_USE_FGS_SUBTYPE"
130-->src/main/AndroidManifest.xml:105:17-76
131                android:value="App health monitoring and auto-restart watchdog" />
131-->src/main/AndroidManifest.xml:106:17-80
132        </service>
133        <service
133-->src/main/AndroidManifest.xml:109:9-115:19
134            android:name="com.example.alcoholchecker.fcm.MyFirebaseMessagingService"
134-->src/main/AndroidManifest.xml:110:13-59
135            android:exported="false" >
135-->src/main/AndroidManifest.xml:111:13-37
136            <intent-filter>
136-->src/main/AndroidManifest.xml:112:13-114:29
137                <action android:name="com.google.firebase.MESSAGING_EVENT" />
137-->src/main/AndroidManifest.xml:113:17-78
137-->src/main/AndroidManifest.xml:113:25-75
138            </intent-filter>
139        </service>
140        <service
140-->src/main/AndroidManifest.xml:117:9-120:40
141            android:name="com.example.alcoholchecker.service.OtaUpdateService"
141-->src/main/AndroidManifest.xml:118:13-53
142            android:exported="false"
142-->src/main/AndroidManifest.xml:120:13-37
143            android:foregroundServiceType="dataSync" />
143-->src/main/AndroidManifest.xml:119:13-53
144
145        <receiver
145-->src/main/AndroidManifest.xml:122:9-124:40
146            android:name="com.example.alcoholchecker.service.UpdateResultReceiver"
146-->src/main/AndroidManifest.xml:123:13-57
147            android:exported="false" />
147-->src/main/AndroidManifest.xml:124:13-37
148
149        <activity
149-->src/main/AndroidManifest.xml:126:9-135:20
150            android:name="com.example.alcoholchecker.admin.GetProvisioningModeActivity"
150-->src/main/AndroidManifest.xml:127:13-62
151            android:exported="true"
151-->src/main/AndroidManifest.xml:129:13-36
152            android:permission="android.permission.BIND_DEVICE_ADMIN"
152-->src/main/AndroidManifest.xml:128:13-70
153            android:theme="@android:style/Theme.NoDisplay" >
153-->src/main/AndroidManifest.xml:130:13-59
154            <intent-filter>
154-->src/main/AndroidManifest.xml:131:13-134:29
155                <action android:name="android.app.action.GET_PROVISIONING_MODE" />
155-->src/main/AndroidManifest.xml:132:17-83
155-->src/main/AndroidManifest.xml:132:25-80
156
157                <category android:name="android.intent.category.DEFAULT" />
157-->src/main/AndroidManifest.xml:58:17-76
157-->src/main/AndroidManifest.xml:58:27-73
158            </intent-filter>
159        </activity>
160        <activity
160-->src/main/AndroidManifest.xml:137:9-146:20
161            android:name="com.example.alcoholchecker.admin.PolicyComplianceActivity"
161-->src/main/AndroidManifest.xml:138:13-59
162            android:exported="true"
162-->src/main/AndroidManifest.xml:140:13-36
163            android:permission="android.permission.BIND_DEVICE_ADMIN"
163-->src/main/AndroidManifest.xml:139:13-70
164            android:theme="@android:style/Theme.NoDisplay" >
164-->src/main/AndroidManifest.xml:141:13-59
165            <intent-filter>
165-->src/main/AndroidManifest.xml:142:13-145:29
166                <action android:name="android.app.action.ADMIN_POLICY_COMPLIANCE" />
166-->src/main/AndroidManifest.xml:143:17-85
166-->src/main/AndroidManifest.xml:143:25-82
167
168                <category android:name="android.intent.category.DEFAULT" />
168-->src/main/AndroidManifest.xml:58:17-76
168-->src/main/AndroidManifest.xml:58:27-73
169            </intent-filter>
170        </activity>
171
172        <provider
173            android:name="androidx.core.content.FileProvider"
173-->src/main/AndroidManifest.xml:149:13-62
174            android:authorities="com.example.alcoholchecker.fileprovider"
174-->src/main/AndroidManifest.xml:150:13-64
175            android:exported="false"
175-->src/main/AndroidManifest.xml:151:13-37
176            android:grantUriPermissions="true" >
176-->src/main/AndroidManifest.xml:152:13-47
177            <meta-data
177-->src/main/AndroidManifest.xml:153:13-155:54
178                android:name="android.support.FILE_PROVIDER_PATHS"
178-->src/main/AndroidManifest.xml:154:17-67
179                android:resource="@xml/file_paths" />
179-->src/main/AndroidManifest.xml:155:17-51
180        </provider>
181
182        <receiver
182-->src/main/AndroidManifest.xml:158:9-171:20
183            android:name="com.example.alcoholchecker.admin.AppDeviceAdminReceiver"
183-->src/main/AndroidManifest.xml:159:13-57
184            android:exported="true"
184-->src/main/AndroidManifest.xml:161:13-36
185            android:permission="android.permission.BIND_DEVICE_ADMIN" >
185-->src/main/AndroidManifest.xml:160:13-70
186            <meta-data
186-->src/main/AndroidManifest.xml:162:13-164:56
187                android:name="android.app.device_admin"
187-->src/main/AndroidManifest.xml:163:17-56
188                android:resource="@xml/device_admin" />
188-->src/main/AndroidManifest.xml:164:17-53
189
190            <intent-filter>
190-->src/main/AndroidManifest.xml:165:13-167:29
191                <action android:name="android.app.action.DEVICE_ADMIN_ENABLED" />
191-->src/main/AndroidManifest.xml:166:17-82
191-->src/main/AndroidManifest.xml:166:25-79
192            </intent-filter>
193            <intent-filter>
193-->src/main/AndroidManifest.xml:168:13-170:29
194                <action android:name="android.app.action.PROFILE_PROVISIONING_COMPLETE" />
194-->src/main/AndroidManifest.xml:169:17-91
194-->src/main/AndroidManifest.xml:169:25-88
195            </intent-filter>
196        </receiver>
197
198        <service
198-->[androidx.camera:camera-camera2:1.4.0-rc03] AndroidManifest.xml:24:9-33:19
199            android:name="androidx.camera.core.impl.MetadataHolderService"
199-->[androidx.camera:camera-camera2:1.4.0-rc03] AndroidManifest.xml:25:13-75
200            android:enabled="false"
200-->[androidx.camera:camera-camera2:1.4.0-rc03] AndroidManifest.xml:26:13-36
201            android:exported="false" >
201-->[androidx.camera:camera-camera2:1.4.0-rc03] AndroidManifest.xml:27:13-37
202            <meta-data
202-->[androidx.camera:camera-camera2:1.4.0-rc03] AndroidManifest.xml:30:13-32:89
203                android:name="androidx.camera.core.impl.MetadataHolderService.DEFAULT_CONFIG_PROVIDER"
203-->[androidx.camera:camera-camera2:1.4.0-rc03] AndroidManifest.xml:31:17-103
204                android:value="androidx.camera.camera2.Camera2Config$DefaultProvider" />
204-->[androidx.camera:camera-camera2:1.4.0-rc03] AndroidManifest.xml:32:17-86
205        </service>
206        <service
206-->[com.google.android.gms:play-services-mlkit-barcode-scanning:18.3.1] AndroidManifest.xml:9:9-15:19
207            android:name="com.google.mlkit.common.internal.MlKitComponentDiscoveryService"
207-->[com.google.android.gms:play-services-mlkit-barcode-scanning:18.3.1] AndroidManifest.xml:10:13-91
208            android:directBootAware="true"
208-->[com.google.mlkit:common:18.11.0] AndroidManifest.xml:17:13-43
209            android:exported="false" >
209-->[com.google.android.gms:play-services-mlkit-barcode-scanning:18.3.1] AndroidManifest.xml:11:13-37
210            <meta-data
210-->[com.google.android.gms:play-services-mlkit-barcode-scanning:18.3.1] AndroidManifest.xml:12:13-14:85
211                android:name="com.google.firebase.components:com.google.mlkit.vision.barcode.internal.BarcodeRegistrar"
211-->[com.google.android.gms:play-services-mlkit-barcode-scanning:18.3.1] AndroidManifest.xml:13:17-120
212                android:value="com.google.firebase.components.ComponentRegistrar" />
212-->[com.google.android.gms:play-services-mlkit-barcode-scanning:18.3.1] AndroidManifest.xml:14:17-82
213            <meta-data
213-->[com.google.mlkit:vision-common:17.3.0] AndroidManifest.xml:12:13-14:85
214                android:name="com.google.firebase.components:com.google.mlkit.vision.common.internal.VisionCommonRegistrar"
214-->[com.google.mlkit:vision-common:17.3.0] AndroidManifest.xml:13:17-124
215                android:value="com.google.firebase.components.ComponentRegistrar" />
215-->[com.google.mlkit:vision-common:17.3.0] AndroidManifest.xml:14:17-82
216            <meta-data
216-->[com.google.mlkit:common:18.11.0] AndroidManifest.xml:20:13-22:85
217                android:name="com.google.firebase.components:com.google.mlkit.common.internal.CommonComponentRegistrar"
217-->[com.google.mlkit:common:18.11.0] AndroidManifest.xml:21:17-120
218                android:value="com.google.firebase.components.ComponentRegistrar" />
218-->[com.google.mlkit:common:18.11.0] AndroidManifest.xml:22:17-82
219        </service>
220
221        <provider
221-->[com.google.mlkit:common:18.11.0] AndroidManifest.xml:9:9-13:38
222            android:name="com.google.mlkit.common.internal.MlKitInitProvider"
222-->[com.google.mlkit:common:18.11.0] AndroidManifest.xml:10:13-78
223            android:authorities="com.example.alcoholchecker.mlkitinitprovider"
223-->[com.google.mlkit:common:18.11.0] AndroidManifest.xml:11:13-69
224            android:exported="false"
224-->[com.google.mlkit:common:18.11.0] AndroidManifest.xml:12:13-37
225            android:initOrder="99" />
225-->[com.google.mlkit:common:18.11.0] AndroidManifest.xml:13:13-35
226        <provider
226-->[androidx.emoji2:emoji2:1.2.0] AndroidManifest.xml:24:9-32:20
227            android:name="androidx.startup.InitializationProvider"
227-->[androidx.emoji2:emoji2:1.2.0] AndroidManifest.xml:25:13-67
228            android:authorities="com.example.alcoholchecker.androidx-startup"
228-->[androidx.emoji2:emoji2:1.2.0] AndroidManifest.xml:26:13-68
229            android:exported="false" >
229-->[androidx.emoji2:emoji2:1.2.0] AndroidManifest.xml:27:13-37
230            <meta-data
230-->[androidx.emoji2:emoji2:1.2.0] AndroidManifest.xml:29:13-31:52
231                android:name="androidx.emoji2.text.EmojiCompatInitializer"
231-->[androidx.emoji2:emoji2:1.2.0] AndroidManifest.xml:30:17-75
232                android:value="androidx.startup" />
232-->[androidx.emoji2:emoji2:1.2.0] AndroidManifest.xml:31:17-49
233            <meta-data
233-->[androidx.lifecycle:lifecycle-process:2.7.0] AndroidManifest.xml:29:13-31:52
234                android:name="androidx.lifecycle.ProcessLifecycleInitializer"
234-->[androidx.lifecycle:lifecycle-process:2.7.0] AndroidManifest.xml:30:17-78
235                android:value="androidx.startup" />
235-->[androidx.lifecycle:lifecycle-process:2.7.0] AndroidManifest.xml:31:17-49
236            <meta-data
236-->[androidx.profileinstaller:profileinstaller:1.3.0] AndroidManifest.xml:29:13-31:52
237                android:name="androidx.profileinstaller.ProfileInstallerInitializer"
237-->[androidx.profileinstaller:profileinstaller:1.3.0] AndroidManifest.xml:30:17-85
238                android:value="androidx.startup" />
238-->[androidx.profileinstaller:profileinstaller:1.3.0] AndroidManifest.xml:31:17-49
239        </provider>
240
241        <receiver
241-->[com.google.firebase:firebase-messaging:24.1.0] AndroidManifest.xml:29:9-40:20
242            android:name="com.google.firebase.iid.FirebaseInstanceIdReceiver"
242-->[com.google.firebase:firebase-messaging:24.1.0] AndroidManifest.xml:30:13-78
243            android:exported="true"
243-->[com.google.firebase:firebase-messaging:24.1.0] AndroidManifest.xml:31:13-36
244            android:permission="com.google.android.c2dm.permission.SEND" >
244-->[com.google.firebase:firebase-messaging:24.1.0] AndroidManifest.xml:32:13-73
245            <intent-filter>
245-->[com.google.firebase:firebase-messaging:24.1.0] AndroidManifest.xml:33:13-35:29
246                <action android:name="com.google.android.c2dm.intent.RECEIVE" />
246-->[com.google.firebase:firebase-messaging:24.1.0] AndroidManifest.xml:34:17-81
246-->[com.google.firebase:firebase-messaging:24.1.0] AndroidManifest.xml:34:25-78
247            </intent-filter>
248
249            <meta-data
249-->[com.google.firebase:firebase-messaging:24.1.0] AndroidManifest.xml:37:13-39:40
250                android:name="com.google.android.gms.cloudmessaging.FINISHED_AFTER_HANDLED"
250-->[com.google.firebase:firebase-messaging:24.1.0] AndroidManifest.xml:38:17-92
251                android:value="true" />
251-->[com.google.firebase:firebase-messaging:24.1.0] AndroidManifest.xml:39:17-37
252        </receiver>
253        <!--
254             FirebaseMessagingService performs security checks at runtime,
255             but set to not exported to explicitly avoid allowing another app to call it.
256        -->
257        <service
257-->[com.google.firebase:firebase-messaging:24.1.0] AndroidManifest.xml:46:9-53:19
258            android:name="com.google.firebase.messaging.FirebaseMessagingService"
258-->[com.google.firebase:firebase-messaging:24.1.0] AndroidManifest.xml:47:13-82
259            android:directBootAware="true"
259-->[com.google.firebase:firebase-messaging:24.1.0] AndroidManifest.xml:48:13-43
260            android:exported="false" >
260-->[com.google.firebase:firebase-messaging:24.1.0] AndroidManifest.xml:49:13-37
261            <intent-filter android:priority="-500" >
261-->src/main/AndroidManifest.xml:112:13-114:29
262                <action android:name="com.google.firebase.MESSAGING_EVENT" />
262-->src/main/AndroidManifest.xml:113:17-78
262-->src/main/AndroidManifest.xml:113:25-75
263            </intent-filter>
264        </service>
265        <service
265-->[com.google.firebase:firebase-messaging:24.1.0] AndroidManifest.xml:54:9-63:19
266            android:name="com.google.firebase.components.ComponentDiscoveryService"
266-->[com.google.firebase:firebase-messaging:24.1.0] AndroidManifest.xml:55:13-84
267            android:directBootAware="true"
267-->[com.google.firebase:firebase-common:21.0.0] AndroidManifest.xml:32:13-43
268            android:exported="false" >
268-->[com.google.firebase:firebase-messaging:24.1.0] AndroidManifest.xml:56:13-37
269            <meta-data
269-->[com.google.firebase:firebase-messaging:24.1.0] AndroidManifest.xml:57:13-59:85
270                android:name="com.google.firebase.components:com.google.firebase.messaging.FirebaseMessagingKtxRegistrar"
270-->[com.google.firebase:firebase-messaging:24.1.0] AndroidManifest.xml:58:17-122
271                android:value="com.google.firebase.components.ComponentRegistrar" />
271-->[com.google.firebase:firebase-messaging:24.1.0] AndroidManifest.xml:59:17-82
272            <meta-data
272-->[com.google.firebase:firebase-messaging:24.1.0] AndroidManifest.xml:60:13-62:85
273                android:name="com.google.firebase.components:com.google.firebase.messaging.FirebaseMessagingRegistrar"
273-->[com.google.firebase:firebase-messaging:24.1.0] AndroidManifest.xml:61:17-119
274                android:value="com.google.firebase.components.ComponentRegistrar" />
274-->[com.google.firebase:firebase-messaging:24.1.0] AndroidManifest.xml:62:17-82
275            <meta-data
275-->[com.google.firebase:firebase-installations:18.0.0] AndroidManifest.xml:15:13-17:85
276                android:name="com.google.firebase.components:com.google.firebase.installations.FirebaseInstallationsKtxRegistrar"
276-->[com.google.firebase:firebase-installations:18.0.0] AndroidManifest.xml:16:17-130
277                android:value="com.google.firebase.components.ComponentRegistrar" />
277-->[com.google.firebase:firebase-installations:18.0.0] AndroidManifest.xml:17:17-82
278            <meta-data
278-->[com.google.firebase:firebase-installations:18.0.0] AndroidManifest.xml:18:13-20:85
279                android:name="com.google.firebase.components:com.google.firebase.installations.FirebaseInstallationsRegistrar"
279-->[com.google.firebase:firebase-installations:18.0.0] AndroidManifest.xml:19:17-127
280                android:value="com.google.firebase.components.ComponentRegistrar" />
280-->[com.google.firebase:firebase-installations:18.0.0] AndroidManifest.xml:20:17-82
281            <meta-data
281-->[com.google.firebase:firebase-common-ktx:21.0.0] AndroidManifest.xml:12:13-14:85
282                android:name="com.google.firebase.components:com.google.firebase.ktx.FirebaseCommonLegacyRegistrar"
282-->[com.google.firebase:firebase-common-ktx:21.0.0] AndroidManifest.xml:13:17-116
283                android:value="com.google.firebase.components.ComponentRegistrar" />
283-->[com.google.firebase:firebase-common-ktx:21.0.0] AndroidManifest.xml:14:17-82
284            <meta-data
284-->[com.google.firebase:firebase-common:21.0.0] AndroidManifest.xml:35:13-37:85
285                android:name="com.google.firebase.components:com.google.firebase.FirebaseCommonKtxRegistrar"
285-->[com.google.firebase:firebase-common:21.0.0] AndroidManifest.xml:36:17-109
286                android:value="com.google.firebase.components.ComponentRegistrar" />